<?xml version="1.0" encoding="UTF-8"?>
<!-- Generated by org.testng.reporters.JUnitXMLReporter -->
<testsuite ignored="0" hostname="Bharath" failures="2" tests="10" name="Test2" time="76.654" errors="0" timestamp="2022-11-03T10:02:52 IST">
  <testcase classname="com.application.tests.ApplicationTest" name="verifyApplicationLogo" time="2.986"/>
  <testcase classname="com.application.tests.ApplicationTest" name="verifyApplicationTitle" time="2.625"/>
  <testcase classname="com.application.tests.ApplicationTest" name="verifyApplicationLoginPageHeader" time="3.747"/>
  <testcase classname="com.application.tests.ApplicationTest" name="verifyApplicationCaption" time="2.686"/>
  <testcase classname="com.application.tests.ApplicationTest" name="verifyApplicationLogin" time="7.844"/>
  <testcase classname="com.application.tests.ApplicationTest" name="verifyApplicationLogin" time="14.976">
    <failure type="org.openqa.selenium.TimeoutException" message="Expected condition failed: waiting for number of elements found by By.xpath: //a[text()=&amp;apos;Accounts Overview&amp;apos;] to be more than &amp;quot;0&amp;quot;. Current number: &amp;quot;0&amp;quot; (tried for 10 second(s) with 500 milliseconds interval)
Build info: version: &amp;apos;4.5.0&amp;apos;, revision: &amp;apos;fe167b119a&amp;apos;
System info: os.name: &amp;apos;Windows 11&amp;apos;, os.arch: &amp;apos;amd64&amp;apos;, os.version: &amp;apos;10.0&amp;apos;, java.version: &amp;apos;17.0.3&amp;apos;
Driver info: org.openqa.selenium.edge.EdgeDriver
Capabilities {acceptInsecureCerts: false, browserName: msedge, browserVersion: 107.0.1418.26, ms:edgeOptions: {debuggerAddress: localhost:53284}, msedge: {msedgedriverVersion: 107.0.1418.26 (801aa30e9054..., userDataDir: C:\Users\india\AppData\Loca...}, networkConnectionEnabled: false, pageLoadStrategy: normal, platformName: WINDOWS, proxy: Proxy(), se:cdp: ws://localhost:53284/devtoo..., se:cdpVersion: 107.0.1418.26, setWindowRect: true, strictFileInteractability: false, timeouts: {implicit: 0, pageLoad: 300000, script: 30000}, unhandledPromptBehavior: dismiss and notify, webauthn:extension:credBlob: true, webauthn:extension:largeBlob: true, webauthn:virtualAuthenticators: true}
Session ID: ed476c2953ea9202076906197a6b830e">
      <![CDATA[org.openqa.selenium.TimeoutException: Expected condition failed: waiting for number of elements found by By.xpath: //a[text()='Accounts Overview'] to be more than "0". Current number: "0" (tried for 10 second(s) with 500 milliseconds interval)
Build info: version: '4.5.0', revision: 'fe167b119a'
System info: os.name: 'Windows 11', os.arch: 'amd64', os.version: '10.0', java.version: '17.0.3'
Driver info: org.openqa.selenium.edge.EdgeDriver
Capabilities {acceptInsecureCerts: false, browserName: msedge, browserVersion: 107.0.1418.26, ms:edgeOptions: {debuggerAddress: localhost:53284}, msedge: {msedgedriverVersion: 107.0.1418.26 (801aa30e9054..., userDataDir: C:\Users\india\AppData\Loca...}, networkConnectionEnabled: false, pageLoadStrategy: normal, platformName: WINDOWS, proxy: Proxy(), se:cdp: ws://localhost:53284/devtoo..., se:cdpVersion: 107.0.1418.26, setWindowRect: true, strictFileInteractability: false, timeouts: {implicit: 0, pageLoad: 300000, script: 30000}, unhandledPromptBehavior: dismiss and notify, webauthn:extension:credBlob: true, webauthn:extension:largeBlob: true, webauthn:virtualAuthenticators: true}
Session ID: ed476c2953ea9202076906197a6b830e
at org.openqa.selenium.support.ui.WebDriverWait.timeoutException(WebDriverWait.java:87)
at org.openqa.selenium.support.ui.FluentWait.until(FluentWait.java:231)
at com.framework.commons.WebCommons.waitForElement(WebCommons.java:109)
at com.application.actions.LoginPageActions.verifyLoginIsSuccessful(LoginPageActions.java:49)
at com.application.tests.ApplicationTest.verifyApplicationLogin(ApplicationTest.java:51)
at java.base/java.util.ArrayList.forEach(ArrayList.java:1511)
at java.base/java.util.concurrent.FutureTask.run(FutureTask.java:264)
at java.base/java.util.concurrent.ThreadPoolExecutor.runWorker(ThreadPoolExecutor.java:1136)
at java.base/java.util.concurrent.ThreadPoolExecutor$Worker.run(ThreadPoolExecutor.java:635)
at java.base/java.lang.Thread.run(Thread.java:833)
... Removed 18 stack frames]]>
    </failure>
  </testcase> <!-- verifyApplicationLogin -->
  <testcase classname="com.application.tests.ApplicationTest" name="verifyRegistrationPage" time="3.063"/>
  <testcase classname="com.application.tests.ApplicationTest" name="verifyRegistrationPageHeader" time="3.671"/>
  <testcase classname="com.application.tests.ApplicationTest" name="verifyForgotLoginPage" time="3.824"/>
  <testcase classname="com.application.tests.ApplicationTest" name="verifyForgotLoginPageHeader" time="3.379">
    <failure type="java.lang.AssertionError" message="expected [Customer Lookup] but found [Signing up is easy!]">
      <![CDATA[java.lang.AssertionError: expected [Customer Lookup] but found [Signing up is easy!]
at com.application.actions.ForgotLoginInfoPageActions.verifyRegistrationPageHeader(ForgotLoginInfoPageActions.java:18)
at com.application.tests.ApplicationTest.verifyForgotLoginPageHeader(ApplicationTest.java:89)
at java.base/java.util.ArrayList.forEach(ArrayList.java:1511)
at java.base/java.util.concurrent.FutureTask.run(FutureTask.java:264)
at java.base/java.util.concurrent.ThreadPoolExecutor.runWorker(ThreadPoolExecutor.java:1136)
at java.base/java.util.concurrent.ThreadPoolExecutor$Worker.run(ThreadPoolExecutor.java:635)
at java.base/java.lang.Thread.run(Thread.java:833)
... Removed 24 stack frames]]>
    </failure>
  </testcase> <!-- verifyForgotLoginPageHeader -->
</testsuite> <!-- Test2 -->
